#
# A fatal error has been detected by the Java Runtime Environment:
#
#  Internal Error (javaClasses.cpp:136), pid=6400, tid=13272
#  fatal error: Invalid layout of preloaded class
#
# JRE version:  (7.0_40-b43) (build )
# Java VM: Java HotSpot(TM) 64-Bit Server VM (24.0-b56 mixed mode windows-amd64 compressed oops)
# Failed to write core dump. Minidumps are not enabled by default on client versions of Windows
#
# If you would like to submit a bug report, please visit:
#   http://bugreport.sun.com/bugreport/crash.jsp
#

---------------  T H R E A D  ---------------

Current thread (0x0000000001bae800):  JavaThread "Unknown thread" [_thread_in_vm, id=13272, stack(0x00000000021d0000,0x00000000022d0000)]

Stack: [0x00000000021d0000,0x00000000022d0000]

---------------  P R O C E S S  ---------------

Java Threads: ( => current thread )

Other Threads:

=>0x0000000001bae800 (exited) JavaThread "Unknown thread" [_thread_in_vm, id=13272, stack(0x00000000021d0000,0x00000000022d0000)]

VM state:not at safepoint (not fully initialized)

VM Mutex/Monitor currently owned by a thread: None

GC Heap History (0 events):
No events

Deoptimization events (0 events):
No events

Internal exceptions (0 events):
No events

Events (10 events):
Event: 0.016 loading class 0x000000000ac10760 done
Event: 0.016 loading class 0x000000000ac10180 done
Event: 0.016 loading class 0x000000000ac10160
Event: 0.016 loading class 0x000000000ac18260
Event: 0.017 loading class 0x000000000ac18260 done
Event: 0.017 loading class 0x000000000ac18290
Event: 0.017 loading class 0x000000000ac18290 done
Event: 0.017 loading class 0x000000000ac182c0
Event: 0.017 loading class 0x000000000ac182c0 done
Event: 0.017 loading class 0x000000000ac10160 done


Dynamic libraries:
0x000000013f880000 - 0x000000013f8b3000 	C:\Program Files\Java\jre7\bin\javaw.exe
0x0000000077900000 - 0x0000000077aa9000 	C:\windows\SYSTEM32\ntdll.dll
0x00000000776e0000 - 0x00000000777ff000 	C:\windows\system32\kernel32.dll
0x000007fefd750000 - 0x000007fefd7bc000 	C:\windows\system32\KERNELBASE.dll
0x000007fefe140000 - 0x000007fefe21b000 	C:\windows\system32\ADVAPI32.dll
0x000007fefde70000 - 0x000007fefdf0f000 	C:\windows\system32\msvcrt.dll
0x000007fefe120000 - 0x000007fefe13f000 	C:\windows\SYSTEM32\sechost.dll
0x000007feff3f0000 - 0x000007feff51d000 	C:\windows\system32\RPCRT4.dll
0x0000000077800000 - 0x00000000778fa000 	C:\windows\system32\USER32.dll
0x000007fefdad0000 - 0x000007fefdb37000 	C:\windows\system32\GDI32.dll
0x000007fefde60000 - 0x000007fefde6e000 	C:\windows\system32\LPK.dll
0x000007fefe510000 - 0x000007fefe5d9000 	C:\windows\system32\USP10.dll
0x000007fefb010000 - 0x000007fefb204000 	C:\windows\WinSxS\amd64_microsoft.windows.common-controls_6595b64144ccf1df_6.0.7601.17514_none_fa396087175ac9ac\COMCTL32.dll
0x000007fefdb40000 - 0x000007fefdbb1000 	C:\windows\system32\SHLWAPI.dll
0x000007fefe230000 - 0x000007fefe25e000 	C:\windows\system32\IMM32.DLL
0x000007feff850000 - 0x000007feff959000 	C:\windows\system32\MSCTF.dll
0x0000000070e20000 - 0x0000000070ef1000 	C:\Program Files\Java\jre7\bin\msvcr100.dll
0x000000006e340000 - 0x000000006eb09000 	C:\Program Files\Java\jre7\bin\server\jvm.dll
0x000007feecc30000 - 0x000007feecc39000 	C:\windows\system32\WSOCK32.dll
0x000007feff520000 - 0x000007feff56d000 	C:\windows\system32\WS2_32.dll
0x000007fefe220000 - 0x000007fefe228000 	C:\windows\system32\NSI.dll
0x000007fefbfa0000 - 0x000007fefbfdb000 	C:\windows\system32\WINMM.dll
0x0000000077ac0000 - 0x0000000077ac7000 	C:\windows\system32\PSAPI.DLL
0x0000000074420000 - 0x000000007442f000 	C:\Program Files\Java\jre7\bin\verify.dll
0x0000000073940000 - 0x0000000073968000 	C:\Program Files\Java\jre7\bin\java.dll
0x0000000073920000 - 0x0000000073935000 	C:\Program Files\Java\jre7\bin\zip.dll

VM Arguments:
jvm_args: -Dfile.encoding=Cp1252 -Xbootclasspath:C:\Yanqi\University\3rd Year\Fall\CSC207\adt-bundle\adt-bundle-windows-x86_64-20140702\sdk\platforms\android-18\android.jar 
java_command: com.example.triageerapp.PatientManager
Launcher Type: SUN_STANDARD

Environment Variables:
CLASSPATH=.;C:\Program Files (x86)\Java\jre6\lib\ext\QTJava.zip
PATH=C:\Program Files (x86)\NVIDIA Corporation\PhysX\Common;C:\Program Files\Common Files\Microsoft Shared\Windows Live;C:\Program Files (x86)\Common Files\Microsoft Shared\Windows Live;C:\Program Files (x86)\AMD APP\bin\x86_64;C:\Program Files (x86)\AMD APP\bin\x86;C:\Program Files (x86)\Intel\iCLS Client\;C:\Program Files\Intel\iCLS Client\;C:\windows\system32;C:\windows;C:\windows\System32\Wbem;C:\windows\System32\WindowsPowerShell\v1.0\;C:\Program Files (x86)\ATI Technologies\ATI.ACE\Core-Static;C:\Program Files (x86)\Toshiba\Bluetooth Toshiba Stack\sys\;C:\Program Files (x86)\Toshiba\Bluetooth Toshiba Stack\sys\x64\;C:\Program Files (x86)\Windows Live\Shared;C:\Program Files (x86)\QuickTime\QTSystem\;C:\Program Files\Intel\Intel(R) Management Engine Components\DAL;C:\Program Files\Intel\Intel(R) Management Engine Components\IPT;C:\Program Files (x86)\Intel\Intel(R) Management Engine Components\DAL;C:\Program Files (x86)\Intel\Intel(R) Management Engine Components\IPT;C:\Program Files (x86)\Calibre2\;C:\Program Files (x86)\MiKTeX 2.9\miktex\bin\;C:\Program Files\TortoiseSVN\bin;C:\Program Files (x86)\sbt\;C:\Program Files\SlikSvn\bin;C:\Ruby200-x64\bin;C:\altera\14.0\modelsim_ase\win32aloem;C:\altera\13.0\modelsim_ase\win32aloem
USERNAME=Yanqi
OS=Windows_NT
PROCESSOR_IDENTIFIER=Intel64 Family 6 Model 58 Stepping 9, GenuineIntel



---------------  S Y S T E M  ---------------

OS: Windows 7 , 64 bit Build 7601 Service Pack 1

CPU:total 8 (4 cores per cpu, 2 threads per core) family 6 model 58 stepping 9, cmov, cx8, fxsr, mmx, sse, sse2, sse3, ssse3, sse4.1, sse4.2, popcnt, avx, aes, erms, ht, tsc, tscinvbit, tscinv

Memory: 4k page, physical 8350520k(3587112k free), swap 16699176k(10676328k free)

vm_info: Java HotSpot(TM) 64-Bit Server VM (24.0-b56) for windows-amd64 JRE (1.7.0_40-b43), built on Aug 26 2013 22:38:32 by "java_re" with unknown MS VC++:1600

time: Fri Nov 07 18:04:17 2014
elapsed time: 0 seconds

